<?xml version="1.0" encoding="UTF-8"?>
<testsuite name="org.TestRunFile.TestRunner" time="137.756" tests="68" errors="0" skipped="0" failures="0">
  <properties>
    <property name="java.runtime.name" value="OpenJDK Runtime Environment"/>
    <property name="java.vm.version" value="17.0.8+7-LTS"/>
    <property name="sun.boot.library.path" value="/usr/local/sdkman/candidates/java/17.0.8-ms/lib"/>
    <property name="maven.multiModuleProjectDirectory" value="/workspaces/Restful-Booker_API_Automation"/>
    <property name="java.vm.vendor" value="Microsoft"/>
    <property name="java.vendor.url" value="https://www.microsoft.com"/>
    <property name="guice.disable.misplaced.annotation.check" value="true"/>
    <property name="path.separator" value=":"/>
    <property name="java.vm.name" value="OpenJDK 64-Bit Server VM"/>
    <property name="sun.java.launcher" value="SUN_STANDARD"/>
    <property name="java.vm.specification.name" value="Java Virtual Machine Specification"/>
    <property name="user.dir" value="/workspaces/Restful-Booker_API_Automation"/>
    <property name="java.vm.compressedOopsMode" value="32-bit"/>
    <property name="java.runtime.version" value="17.0.8+7-LTS"/>
    <property name="os.arch" value="amd64"/>
    <property name="java.io.tmpdir" value="/tmp"/>
    <property name="line.separator" value="&#10;"/>
    <property name="java.vm.specification.vendor" value="Oracle Corporation"/>
    <property name="os.name" value="Linux"/>
    <property name="classworlds.conf" value="/usr/local/sdkman/candidates/maven/current/bin/m2.conf"/>
    <property name="sun.jnu.encoding" value="UTF-8"/>
    <property name="java.library.path" value="/usr/java/packages/lib:/usr/lib64:/lib64:/lib:/usr/lib"/>
    <property name="maven.conf" value="/usr/local/sdkman/candidates/maven/current/conf"/>
    <property name="jdk.debug" value="release"/>
    <property name="java.class.version" value="61.0"/>
    <property name="java.specification.name" value="Java Platform API Specification"/>
    <property name="sun.management.compiler" value="HotSpot 64-Bit Tiered Compilers"/>
    <property name="os.version" value="5.15.0-1042-azure"/>
    <property name="library.jansi.path" value="/usr/local/sdkman/candidates/maven/current/lib/jansi-native"/>
    <property name="user.home" value="/home/codespace"/>
    <property name="user.timezone" value="Etc/UTC"/>
    <property name="file.encoding" value="UTF-8"/>
    <property name="java.specification.version" value="17"/>
    <property name="user.name" value="codespace"/>
    <property name="java.class.path" value="/usr/local/sdkman/candidates/maven/current/boot/plexus-classworlds-2.7.0.jar"/>
    <property name="java.vm.specification.version" value="17"/>
    <property name="sun.arch.data.model" value="64"/>
    <property name="sun.java.command" value="org.codehaus.plexus.classworlds.launcher.Launcher clean install"/>
    <property name="java.home" value="/usr/local/sdkman/candidates/java/17.0.8-ms"/>
    <property name="user.language" value="en"/>
    <property name="java.specification.vendor" value="Oracle Corporation"/>
    <property name="java.vm.info" value="mixed mode, sharing"/>
    <property name="java.version" value="17.0.8"/>
    <property name="native.encoding" value="UTF-8"/>
    <property name="java.vendor" value="Microsoft"/>
    <property name="sun.stderr.encoding" value="UTF-8"/>
    <property name="maven.home" value="/usr/local/sdkman/candidates/maven/current"/>
    <property name="file.separator" value="/"/>
    <property name="java.version.date" value="2023-07-18"/>
    <property name="java.vendor.url.bug" value="https://github.com/microsoft/openjdk/issues"/>
    <property name="sun.io.unicode.encoding" value="UnicodeLittle"/>
    <property name="sun.cpu.endian" value="little"/>
    <property name="java.vendor.version" value="Microsoft-8035246"/>
    <property name="sun.stdout.encoding" value="UTF-8"/>
  </properties>
  <testcase name="feature" classname="org.TestRunFile.TestRunner" time="4.415"/>
  <testcase name="feature" classname="org.TestRunFile.TestRunner" time="1.251"/>
  <testcase name="feature" classname="org.TestRunFile.TestRunner" time="1.25"/>
  <testcase name="feature" classname="org.TestRunFile.TestRunner" time="1.237"/>
  <testcase name="feature" classname="org.TestRunFile.TestRunner" time="2.049"/>
  <testcase name="feature" classname="org.TestRunFile.TestRunner" time="1.279"/>
  <testcase name="feature" classname="org.TestRunFile.TestRunner" time="3.724"/>
  <testcase name="feature" classname="org.TestRunFile.TestRunner" time="3.741"/>
  <testcase name="feature" classname="org.TestRunFile.TestRunner" time="3.632"/>
  <testcase name="feature" classname="org.TestRunFile.TestRunner" time="1.235"/>
  <testcase name="feature" classname="org.TestRunFile.TestRunner" time="1.211"/>
  <testcase name="feature" classname="org.TestRunFile.TestRunner" time="1.186"/>
  <testcase name="feature" classname="org.TestRunFile.TestRunner" time="1.199"/>
  <testcase name="feature" classname="org.TestRunFile.TestRunner" time="1.22"/>
  <testcase name="feature" classname="org.TestRunFile.TestRunner" time="3.923"/>
  <testcase name="feature" classname="org.TestRunFile.TestRunner" time="3.681"/>
  <testcase name="feature" classname="org.TestRunFile.TestRunner" time="3.696"/>
  <testcase name="feature" classname="org.TestRunFile.TestRunner" time="3.666"/>
  <testcase name="feature" classname="org.TestRunFile.TestRunner" time="3.645"/>
  <testcase name="feature" classname="org.TestRunFile.TestRunner" time="3.61"/>
  <testcase name="feature" classname="org.TestRunFile.TestRunner" time="2.372"/>
  <testcase name="feature" classname="org.TestRunFile.TestRunner" time="2.428"/>
  <testcase name="feature" classname="org.TestRunFile.TestRunner" time="2.414"/>
  <testcase name="feature" classname="org.TestRunFile.TestRunner" time="2.387"/>
  <testcase name="feature" classname="org.TestRunFile.TestRunner" time="2.382"/>
  <testcase name="feature" classname="org.TestRunFile.TestRunner" time="2.389"/>
  <testcase name="feature" classname="org.TestRunFile.TestRunner" time="2.389"/>
  <testcase name="feature" classname="org.TestRunFile.TestRunner" time="2.387"/>
  <testcase name="feature" classname="org.TestRunFile.TestRunner" time="2.39"/>
  <testcase name="feature" classname="org.TestRunFile.TestRunner" time="2.368"/>
  <testcase name="feature" classname="org.TestRunFile.TestRunner" time="2.371"/>
  <testcase name="feature" classname="org.TestRunFile.TestRunner" time="2.393"/>
  <testcase name="feature" classname="org.TestRunFile.TestRunner" time="2.393"/>
  <testcase name="feature" classname="org.TestRunFile.TestRunner" time="2.384"/>
  <testcase name="feature" classname="org.TestRunFile.TestRunner" time="2.396"/>
  <testcase name="feature" classname="org.TestRunFile.TestRunner" time="2.381"/>
  <testcase name="feature" classname="org.TestRunFile.TestRunner" time="1.183"/>
  <testcase name="feature" classname="org.TestRunFile.TestRunner" time="1.197"/>
  <testcase name="feature" classname="org.TestRunFile.TestRunner" time="1.176"/>
  <testcase name="feature" classname="org.TestRunFile.TestRunner" time="1.189"/>
  <testcase name="feature" classname="org.TestRunFile.TestRunner" time="1.179"/>
  <testcase name="feature" classname="org.TestRunFile.TestRunner" time="1.215"/>
  <testcase name="feature" classname="org.TestRunFile.TestRunner" time="1.177"/>
  <testcase name="feature" classname="org.TestRunFile.TestRunner" time="1.195"/>
  <testcase name="feature" classname="org.TestRunFile.TestRunner" time="1.197"/>
  <testcase name="feature" classname="org.TestRunFile.TestRunner" time="1.283"/>
  <testcase name="feature" classname="org.TestRunFile.TestRunner" time="1.227"/>
  <testcase name="feature" classname="org.TestRunFile.TestRunner" time="1.236"/>
  <testcase name="feature" classname="org.TestRunFile.TestRunner" time="1.193"/>
  <testcase name="feature" classname="org.TestRunFile.TestRunner" time="1.628"/>
  <testcase name="feature" classname="org.TestRunFile.TestRunner" time="1.125"/>
  <testcase name="feature" classname="org.TestRunFile.TestRunner" time="1.186"/>
  <testcase name="feature" classname="org.TestRunFile.TestRunner" time="1.201"/>
  <testcase name="feature" classname="org.TestRunFile.TestRunner" time="1.591"/>
  <testcase name="feature" classname="org.TestRunFile.TestRunner" time="1.082"/>
  <testcase name="feature" classname="org.TestRunFile.TestRunner" time="1.203"/>
  <testcase name="feature" classname="org.TestRunFile.TestRunner" time="1.19"/>
  <testcase name="feature" classname="org.TestRunFile.TestRunner" time="1.599"/>
  <testcase name="feature" classname="org.TestRunFile.TestRunner" time="1.077"/>
  <testcase name="feature" classname="org.TestRunFile.TestRunner" time="1.181"/>
  <testcase name="feature" classname="org.TestRunFile.TestRunner" time="2.889"/>
  <testcase name="feature" classname="org.TestRunFile.TestRunner" time="2.908"/>
  <testcase name="feature" classname="org.TestRunFile.TestRunner" time="2.966"/>
  <testcase name="feature" classname="org.TestRunFile.TestRunner" time="2.842"/>
  <testcase name="feature" classname="org.TestRunFile.TestRunner" time="1.627"/>
  <testcase name="feature" classname="org.TestRunFile.TestRunner" time="1.46"/>
  <testcase name="feature" classname="org.TestRunFile.TestRunner" time="1.543"/>
  <testcase name="feature" classname="org.TestRunFile.TestRunner" time="2.737"/>
</testsuite>