<?xml version="1.0" encoding="UTF-8"?>
<testsuite name="org.TestRunFile.TestRunner" time="150.377" tests="68" errors="0" skipped="0" failures="0">
  <properties>
    <property name="java.runtime.name" value="Java(TM) SE Runtime Environment"/>
    <property name="sun.boot.library.path" value="C:\Program Files\Java\jdk1.8.0_331\jre\bin"/>
    <property name="java.vm.version" value="25.331-b09"/>
    <property name="java.vm.vendor" value="Oracle Corporation"/>
    <property name="maven.multiModuleProjectDirectory" value="D:/Code Backup/IdeaProjects/RestAPIAutomation"/>
    <property name="java.vendor.url" value="http://java.oracle.com/"/>
    <property name="path.separator" value=";"/>
    <property name="guice.disable.misplaced.annotation.check" value="true"/>
    <property name="java.vm.name" value="Java HotSpot(TM) 64-Bit Server VM"/>
    <property name="file.encoding.pkg" value="sun.io"/>
    <property name="user.script" value=""/>
    <property name="user.country" value="US"/>
    <property name="sun.java.launcher" value="SUN_STANDARD"/>
    <property name="sun.os.patch.level" value=""/>
    <property name="java.vm.specification.name" value="Java Virtual Machine Specification"/>
    <property name="user.dir" value="D:\Code Backup\IdeaProjects\RestAPIAutomation"/>
    <property name="java.runtime.version" value="1.8.0_331-b09"/>
    <property name="java.awt.graphicsenv" value="sun.awt.Win32GraphicsEnvironment"/>
    <property name="java.endorsed.dirs" value="C:\Program Files\Java\jdk1.8.0_331\jre\lib\endorsed"/>
    <property name="os.arch" value="amd64"/>
    <property name="java.io.tmpdir" value="C:\Users\hp\AppData\Local\Temp\"/>
    <property name="line.separator" value="&#10;"/>
    <property name="java.vm.specification.vendor" value="Oracle Corporation"/>
    <property name="user.variant" value=""/>
    <property name="os.name" value="Windows 10"/>
    <property name="classworlds.conf" value="C:/Program Files/apache-maven-3.8.5-bin/apache-maven-3.8.5/bin/m2.conf"/>
    <property name="sun.jnu.encoding" value="Cp1252"/>
    <property name="java.library.path" value="C:\Program Files\Java\jdk1.8.0_331\bin;C:\Windows\Sun\Java\bin;C:\Windows\system32;C:\Windows;C:\Program Files\Git\mingw64\bin;C:\Program Files\Git\usr\bin;C:\Users\hp\bin;C:\Program Files (x86)\Common Files\Oracle\Java\javapath;C:\Windows\system32;C:\Windows;C:\Windows\System32\Wbem;C:\Windows\System32\WindowsPowerShell\v1.0;C:\Windows\System32\OpenSSH;C:\Program Files\Java\jdk1.8.0_331\bin;C:\Program Files\apache-maven-3.8.5-bin\apache-maven-3.8.5\bin;C:\Program Files (x86)\dotnet;C:\Program Files\Git\cmd;C:\Users\hp\AppData\Local\Programs\Python\Python310\Scripts;C:\Users\hp\AppData\Local\Programs\Python\Python310;C:\Users\hp\AppData\Local\Microsoft\WindowsApps;C:\Program Files\JetBrains\IntelliJ IDEA Community Edition 2022.1.2\bin;C:\Program Files\JetBrains\PyCharm Community Edition 2021.2.3\bin;."/>
    <property name="maven.conf" value="C:/Program Files/apache-maven-3.8.5-bin/apache-maven-3.8.5/conf"/>
    <property name="java.specification.name" value="Java Platform API Specification"/>
    <property name="java.class.version" value="52.0"/>
    <property name="sun.management.compiler" value="HotSpot 64-Bit Tiered Compilers"/>
    <property name="os.version" value="10.0"/>
    <property name="library.jansi.path" value="C:/Program Files/apache-maven-3.8.5-bin/apache-maven-3.8.5/lib/jansi-native"/>
    <property name="user.home" value="C:\Users\hp"/>
    <property name="user.timezone" value="Asia/Calcutta"/>
    <property name="java.awt.printerjob" value="sun.awt.windows.WPrinterJob"/>
    <property name="java.specification.version" value="1.8"/>
    <property name="file.encoding" value="Cp1252"/>
    <property name="user.name" value="hp"/>
    <property name="java.class.path" value="C:/Program Files/apache-maven-3.8.5-bin/apache-maven-3.8.5/boot/plexus-classworlds-2.6.0.jar"/>
    <property name="java.vm.specification.version" value="1.8"/>
    <property name="sun.arch.data.model" value="64"/>
    <property name="java.home" value="C:\Program Files\Java\jdk1.8.0_331\jre"/>
    <property name="sun.java.command" value="org.codehaus.plexus.classworlds.launcher.Launcher test"/>
    <property name="java.specification.vendor" value="Oracle Corporation"/>
    <property name="user.language" value="en"/>
    <property name="awt.toolkit" value="sun.awt.windows.WToolkit"/>
    <property name="java.vm.info" value="mixed mode"/>
    <property name="java.version" value="1.8.0_331"/>
    <property name="java.ext.dirs" value="C:\Program Files\Java\jdk1.8.0_331\jre\lib\ext;C:\Windows\Sun\Java\lib\ext"/>
    <property name="sun.boot.class.path" value="C:\Program Files\Java\jdk1.8.0_331\jre\lib\resources.jar;C:\Program Files\Java\jdk1.8.0_331\jre\lib\rt.jar;C:\Program Files\Java\jdk1.8.0_331\jre\lib\sunrsasign.jar;C:\Program Files\Java\jdk1.8.0_331\jre\lib\jsse.jar;C:\Program Files\Java\jdk1.8.0_331\jre\lib\jce.jar;C:\Program Files\Java\jdk1.8.0_331\jre\lib\charsets.jar;C:\Program Files\Java\jdk1.8.0_331\jre\lib\jfr.jar;C:\Program Files\Java\jdk1.8.0_331\jre\classes"/>
    <property name="sun.stderr.encoding" value="cp437"/>
    <property name="java.vendor" value="Oracle Corporation"/>
    <property name="maven.home" value="C:\Program Files\apache-maven-3.8.5-bin\apache-maven-3.8.5"/>
    <property name="file.separator" value="\"/>
    <property name="java.vendor.url.bug" value="http://bugreport.sun.com/bugreport/"/>
    <property name="sun.cpu.endian" value="little"/>
    <property name="sun.io.unicode.encoding" value="UnicodeLittle"/>
    <property name="sun.stdout.encoding" value="cp437"/>
    <property name="sun.desktop" value="windows"/>
    <property name="sun.cpu.isalist" value="amd64"/>
  </properties>
  <testcase name="feature" classname="org.TestRunFile.TestRunner" time="2.651"/>
  <testcase name="feature" classname="org.TestRunFile.TestRunner" time="1.298"/>
  <testcase name="feature" classname="org.TestRunFile.TestRunner" time="1.517"/>
  <testcase name="feature" classname="org.TestRunFile.TestRunner" time="1.316"/>
  <testcase name="feature" classname="org.TestRunFile.TestRunner" time="1.75"/>
  <testcase name="feature" classname="org.TestRunFile.TestRunner" time="1.312"/>
  <testcase name="feature" classname="org.TestRunFile.TestRunner" time="3.966"/>
  <testcase name="feature" classname="org.TestRunFile.TestRunner" time="4.375"/>
  <testcase name="feature" classname="org.TestRunFile.TestRunner" time="4.123"/>
  <testcase name="feature" classname="org.TestRunFile.TestRunner" time="1.579"/>
  <testcase name="feature" classname="org.TestRunFile.TestRunner" time="1.438"/>
  <testcase name="feature" classname="org.TestRunFile.TestRunner" time="1.315"/>
  <testcase name="feature" classname="org.TestRunFile.TestRunner" time="1.282"/>
  <testcase name="feature" classname="org.TestRunFile.TestRunner" time="1.314"/>
  <testcase name="feature" classname="org.TestRunFile.TestRunner" time="4.149"/>
  <testcase name="feature" classname="org.TestRunFile.TestRunner" time="3.828"/>
  <testcase name="feature" classname="org.TestRunFile.TestRunner" time="3.912"/>
  <testcase name="feature" classname="org.TestRunFile.TestRunner" time="4.183"/>
  <testcase name="feature" classname="org.TestRunFile.TestRunner" time="3.876"/>
  <testcase name="feature" classname="org.TestRunFile.TestRunner" time="4.028"/>
  <testcase name="feature" classname="org.TestRunFile.TestRunner" time="2.543"/>
  <testcase name="feature" classname="org.TestRunFile.TestRunner" time="2.798"/>
  <testcase name="feature" classname="org.TestRunFile.TestRunner" time="2.723"/>
  <testcase name="feature" classname="org.TestRunFile.TestRunner" time="2.782"/>
  <testcase name="feature" classname="org.TestRunFile.TestRunner" time="2.567"/>
  <testcase name="feature" classname="org.TestRunFile.TestRunner" time="2.649"/>
  <testcase name="feature" classname="org.TestRunFile.TestRunner" time="2.718"/>
  <testcase name="feature" classname="org.TestRunFile.TestRunner" time="2.627"/>
  <testcase name="feature" classname="org.TestRunFile.TestRunner" time="2.883"/>
  <testcase name="feature" classname="org.TestRunFile.TestRunner" time="2.894"/>
  <testcase name="feature" classname="org.TestRunFile.TestRunner" time="2.708"/>
  <testcase name="feature" classname="org.TestRunFile.TestRunner" time="2.772"/>
  <testcase name="feature" classname="org.TestRunFile.TestRunner" time="2.598"/>
  <testcase name="feature" classname="org.TestRunFile.TestRunner" time="2.862"/>
  <testcase name="feature" classname="org.TestRunFile.TestRunner" time="2.68"/>
  <testcase name="feature" classname="org.TestRunFile.TestRunner" time="2.771"/>
  <testcase name="feature" classname="org.TestRunFile.TestRunner" time="1.4"/>
  <testcase name="feature" classname="org.TestRunFile.TestRunner" time="1.408"/>
  <testcase name="feature" classname="org.TestRunFile.TestRunner" time="1.429"/>
  <testcase name="feature" classname="org.TestRunFile.TestRunner" time="1.266"/>
  <testcase name="feature" classname="org.TestRunFile.TestRunner" time="1.475"/>
  <testcase name="feature" classname="org.TestRunFile.TestRunner" time="1.328"/>
  <testcase name="feature" classname="org.TestRunFile.TestRunner" time="1.313"/>
  <testcase name="feature" classname="org.TestRunFile.TestRunner" time="1.299"/>
  <testcase name="feature" classname="org.TestRunFile.TestRunner" time="1.334"/>
  <testcase name="feature" classname="org.TestRunFile.TestRunner" time="1.379"/>
  <testcase name="feature" classname="org.TestRunFile.TestRunner" time="1.406"/>
  <testcase name="feature" classname="org.TestRunFile.TestRunner" time="1.293"/>
  <testcase name="feature" classname="org.TestRunFile.TestRunner" time="1.422"/>
  <testcase name="feature" classname="org.TestRunFile.TestRunner" time="1.99"/>
  <testcase name="feature" classname="org.TestRunFile.TestRunner" time="0.845"/>
  <testcase name="feature" classname="org.TestRunFile.TestRunner" time="1.363"/>
  <testcase name="feature" classname="org.TestRunFile.TestRunner" time="1.429"/>
  <testcase name="feature" classname="org.TestRunFile.TestRunner" time="2.035"/>
  <testcase name="feature" classname="org.TestRunFile.TestRunner" time="1.047"/>
  <testcase name="feature" classname="org.TestRunFile.TestRunner" time="1.36"/>
  <testcase name="feature" classname="org.TestRunFile.TestRunner" time="1.408"/>
  <testcase name="feature" classname="org.TestRunFile.TestRunner" time="1.835"/>
  <testcase name="feature" classname="org.TestRunFile.TestRunner" time="1.079"/>
  <testcase name="feature" classname="org.TestRunFile.TestRunner" time="1.454"/>
  <testcase name="feature" classname="org.TestRunFile.TestRunner" time="3.123"/>
  <testcase name="feature" classname="org.TestRunFile.TestRunner" time="3.13"/>
  <testcase name="feature" classname="org.TestRunFile.TestRunner" time="2.871"/>
  <testcase name="feature" classname="org.TestRunFile.TestRunner" time="3.142"/>
  <testcase name="feature" classname="org.TestRunFile.TestRunner" time="1.845"/>
  <testcase name="feature" classname="org.TestRunFile.TestRunner" time="1.5"/>
  <testcase name="feature" classname="org.TestRunFile.TestRunner" time="1.647"/>
  <testcase name="feature" classname="org.TestRunFile.TestRunner" time="2.735"/>
</testsuite>